# JRE version: Java(TM) SE Runtime Environment (8.0_181-b13) (build 1.8.0_181-b13)
# Java VM: Java HotSpot(TM) 64-Bit Server VM (25.181-b13 mixed mode windows-amd64 compressed oops)
Heap:
 PSYoungGen      total 198656K, used 166935K [0x00000000e0000000, 0x00000000eec00000, 0x0000000100000000)
  eden space 179712K, 82% used [0x00000000e0000000,0x00000000e9086b68,0x00000000eaf80000)
  from space 18944K, 99% used [0x00000000ec500000,0x00000000ed77f188,0x00000000ed780000)
  to   space 22016K, 0% used [0x00000000eaf80000,0x00000000eaf80000,0x00000000ec500000)
 ParOldGen       total 128000K, used 32104K [0x00000000a0000000, 0x00000000a7d00000, 0x00000000e0000000)
  object space 128000K, 25% used [0x00000000a0000000,0x00000000a1f5a1d8,0x00000000a7d00000)
 Metaspace       used 71691K, capacity 74438K, committed 74624K, reserved 1114112K
  class space    used 9726K, capacity 10258K, committed 10368K, reserved 1048576K
GC Heap History (10 events):
Event: 13.477 GC heap before
{Heap before GC invocations=13 (full 2):
 PSYoungGen      total 134144K, used 134114K [0x00000000e0000000, 0x00000000e9200000, 0x0000000100000000)
  eden space 121856K, 100% used [0x00000000e0000000,0x00000000e7700000,0x00000000e7700000)
  from space 12288K, 99% used [0x00000000e8580000,0x00000000e9178aa0,0x00000000e9180000)
  to   space 13824K, 0% used [0x00000000e7700000,0x00000000e7700000,0x00000000e8480000)
 ParOldGen       total 85504K, used 19268K [0x00000000a0000000, 0x00000000a5380000, 0x00000000e0000000)
  object space 85504K, 22% used [0x00000000a0000000,0x00000000a12d11b8,0x00000000a5380000)
 Metaspace       used 54379K, capacity 55860K, committed 56064K, reserved 1097728K
  class space    used 7493K, capacity 7859K, committed 7936K, reserved 1048576K
Event: 13.500 GC heap after
Heap after GC invocations=13 (full 2):
 PSYoungGen      total 135680K, used 13803K [0x00000000e0000000, 0x00000000ebc80000, 0x0000000100000000)
  eden space 121856K, 0% used [0x00000000e0000000,0x00000000e0000000,0x00000000e7700000)
  from space 13824K, 99% used [0x00000000e7700000,0x00000000e847af20,0x00000000e8480000)
  to   space 17920K, 0% used [0x00000000eab00000,0x00000000eab00000,0x00000000ebc80000)
 ParOldGen       total 85504K, used 25530K [0x00000000a0000000, 0x00000000a5380000, 0x00000000e0000000)
  object space 85504K, 29% used [0x00000000a0000000,0x00000000a18eeb20,0x00000000a5380000)
 Metaspace       used 54379K, capacity 55860K, committed 56064K, reserved 1097728K
  class space    used 7493K, capacity 7859K, committed 7936K, reserved 1048576K
}
Event: 14.264 GC heap before
{Heap before GC invocations=14 (full 2):
 PSYoungGen      total 135680K, used 62678K [0x00000000e0000000, 0x00000000ebc80000, 0x0000000100000000)
  eden space 121856K, 40% used [0x00000000e0000000,0x00000000e2fbacd8,0x00000000e7700000)
  from space 13824K, 99% used [0x00000000e7700000,0x00000000e847af20,0x00000000e8480000)
  to   space 17920K, 0% used [0x00000000eab00000,0x00000000eab00000,0x00000000ebc80000)
 ParOldGen       total 85504K, used 25530K [0x00000000a0000000, 0x00000000a5380000, 0x00000000e0000000)
  object space 85504K, 29% used [0x00000000a0000000,0x00000000a18eeb20,0x00000000a5380000)
 Metaspace       used 57599K, capacity 59148K, committed 59160K, reserved 1099776K
  class space    used 7974K, capacity 8317K, committed 8320K, reserved 1048576K
Event: 14.276 GC heap after
Heap after GC invocations=14 (full 2):
 PSYoungGen      total 175104K, used 4602K [0x00000000e0000000, 0x00000000ebd80000, 0x0000000100000000)
  eden space 157184K, 0% used [0x00000000e0000000,0x00000000e0000000,0x00000000e9980000)
  from space 17920K, 25% used [0x00000000eab00000,0x00000000eaf7eb68,0x00000000ebc80000)
  to   space 17920K, 0% used [0x00000000e9980000,0x00000000e9980000,0x00000000eab00000)
 ParOldGen       total 85504K, used 32226K [0x00000000a0000000, 0x00000000a5380000, 0x00000000e0000000)
  object space 85504K, 37% used [0x00000000a0000000,0x00000000a1f78b28,0x00000000a5380000)
 Metaspace       used 57599K, capacity 59148K, committed 59160K, reserved 1099776K
  class space    used 7974K, capacity 8317K, committed 8320K, reserved 1048576K
}
Event: 14.276 GC heap before
{Heap before GC invocations=15 (full 3):
 PSYoungGen      total 175104K, used 4602K [0x00000000e0000000, 0x00000000ebd80000, 0x0000000100000000)
  eden space 157184K, 0% used [0x00000000e0000000,0x00000000e0000000,0x00000000e9980000)
  from space 17920K, 25% used [0x00000000eab00000,0x00000000eaf7eb68,0x00000000ebc80000)
  to   space 17920K, 0% used [0x00000000e9980000,0x00000000e9980000,0x00000000eab00000)
 ParOldGen       total 85504K, used 32226K [0x00000000a0000000, 0x00000000a5380000, 0x00000000e0000000)
  object space 85504K, 37% used [0x00000000a0000000,0x00000000a1f78b28,0x00000000a5380000)
 Metaspace       used 57599K, capacity 59148K, committed 59160K, reserved 1099776K
  class space    used 7974K, capacity 8317K, committed 8320K, reserved 1048576K
Event: 14.545 GC heap after
Heap after GC invocations=15 (full 3):
 PSYoungGen      total 175104K, used 0K [0x00000000e0000000, 0x00000000ebd80000, 0x0000000100000000)
  eden space 157184K, 0% used [0x00000000e0000000,0x00000000e0000000,0x00000000e9980000)
  from space 17920K, 0% used [0x00000000eab00000,0x00000000eab00000,0x00000000ebc80000)
  to   space 17920K, 0% used [0x00000000e9980000,0x00000000e9980000,0x00000000eab00000)
 ParOldGen       total 128000K, used 30747K [0x00000000a0000000, 0x00000000a7d00000, 0x00000000e0000000)
  object space 128000K, 24% used [0x00000000a0000000,0x00000000a1e06e58,0x00000000a7d00000)
 Metaspace       used 57599K, capacity 59148K, committed 59160K, reserved 1099776K
  class space    used 7974K, capacity 8317K, committed 8320K, reserved 1048576K
}
Event: 114.567 GC heap before
{Heap before GC invocations=16 (full 3):
 PSYoungGen      total 175104K, used 157184K [0x00000000e0000000, 0x00000000ebd80000, 0x0000000100000000)
  eden space 157184K, 100% used [0x00000000e0000000,0x00000000e9980000,0x00000000e9980000)
  from space 17920K, 0% used [0x00000000eab00000,0x00000000eab00000,0x00000000ebc80000)
  to   space 17920K, 0% used [0x00000000e9980000,0x00000000e9980000,0x00000000eab00000)
 ParOldGen       total 128000K, used 30747K [0x00000000a0000000, 0x00000000a7d00000, 0x00000000e0000000)
  object space 128000K, 24% used [0x00000000a0000000,0x00000000a1e06e58,0x00000000a7d00000)
 Metaspace       used 64806K, capacity 67068K, committed 67200K, reserved 1107968K
  class space    used 8767K, capacity 9257K, committed 9344K, reserved 1048576K
Event: 114.583 GC heap after
Heap after GC invocations=16 (full 3):
 PSYoungGen      total 175104K, used 13527K [0x00000000e0000000, 0x00000000ed780000, 0x0000000100000000)
  eden space 157184K, 0% used [0x00000000e0000000,0x00000000e0000000,0x00000000e9980000)
  from space 17920K, 75% used [0x00000000e9980000,0x00000000ea6b5cd0,0x00000000eab00000)
  to   space 18944K, 0% used [0x00000000ec500000,0x00000000ec500000,0x00000000ed780000)
 ParOldGen       total 128000K, used 30755K [0x00000000a0000000, 0x00000000a7d00000, 0x00000000e0000000)
  object space 128000K, 24% used [0x00000000a0000000,0x00000000a1e08e58,0x00000000a7d00000)
 Metaspace       used 64806K, capacity 67068K, committed 67200K, reserved 1107968K
  class space    used 8767K, capacity 9257K, committed 9344K, reserved 1048576K
}
Event: 116.779 GC heap before
{Heap before GC invocations=17 (full 3):
 PSYoungGen      total 175104K, used 170711K [0x00000000e0000000, 0x00000000ed780000, 0x0000000100000000)
  eden space 157184K, 100% used [0x00000000e0000000,0x00000000e9980000,0x00000000e9980000)
  from space 17920K, 75% used [0x00000000e9980000,0x00000000ea6b5cd0,0x00000000eab00000)
  to   space 18944K, 0% used [0x00000000ec500000,0x00000000ec500000,0x00000000ed780000)
 ParOldGen       total 128000K, used 30755K [0x00000000a0000000, 0x00000000a7d00000, 0x00000000e0000000)
  object space 128000K, 24% used [0x00000000a0000000,0x00000000a1e08e58,0x00000000a7d00000)
 Metaspace       used 68257K, capacity 70746K, committed 71040K, reserved 1110016K
  class space    used 9277K, capacity 9784K, committed 9856K, reserved 1048576K
Event: 116.900 GC heap after
Heap after GC invocations=17 (full 3):
 PSYoungGen      total 198656K, used 18940K [0x00000000e0000000, 0x00000000eec00000, 0x0000000100000000)
  eden space 179712K, 0% used [0x00000000e0000000,0x00000000e0000000,0x00000000eaf80000)
  from space 18944K, 99% used [0x00000000ec500000,0x00000000ed77f188,0x00000000ed780000)
  to   space 22016K, 0% used [0x00000000eaf80000,0x00000000eaf80000,0x00000000ec500000)
 ParOldGen       total 128000K, used 32104K [0x00000000a0000000, 0x00000000a7d00000, 0x00000000e0000000)
  object space 128000K, 25% used [0x00000000a0000000,0x00000000a1f5a1d8,0x00000000a7d00000)
 Metaspace       used 68257K, capacity 70746K, committed 71040K, reserved 1110016K
  class space    used 9277K, capacity 9784K, committed 9856K, reserved 1048576K
}

